Note: The following floating-point exceptions are signalling: IEEE_DIVIDE_BY_ZERO

 Name of state

 Mixing coefficients from a CI calc.?
 Default settings?  (y/n) 

  
 jj2lsj: Transformation of ASFs from a jj-coupled CSF basis
         into an LSJ-coupled CSF basis  (Fortran 95 version)
         (C) Copyright by   G. Gaigalas and Ch. F. Fischer,
         (2011).
 Input files: name.c, name.(c)m
 Ouput files: name.lsj.lbl
 Loading Configuration Symmetry List File ...
 There are 225 relativistic subshells;
 There are 225 relativistic CSFs;
  ... load complete;
    nelec  =            1
    ncftot =          225
    nvectot =          225
    nvecsiz =         2255
    nw     =          225
    nblock =           29

   block     ncf     nev    2j+1  parity
       1       1      15      15       2       1      15
       2       2      14      14       2      -1      14
       3       3      13      13       4       1      13
       4       4      14      14       4      -1      14
       5       5      13      13       6       1      13
       6       6      12      12       6      -1      12
       7       7      11      11       8       1      11
       8       8      12      12       8      -1      12
       9       9      11      11      10       1      11
      10      10      10      10      10      -1      10
      11      11       9       9      12       1       9
      12      12      10      10      12      -1      10
      13      13       9       9      14       1       9
      14      14       8       8      14      -1       8
      15      15       7       7      16       1       7
      16      16       8       8      16      -1       8
      17      17       7       7      18       1       7
      18      18       6       6      18      -1       6
      19      19       5       5      20       1       5
      20      20       6       6      20      -1       6
      21      21       5       5      22       1       5
      22      22       4       4      22      -1       4
      23      23       3       3      24       1       3
      24      24       4       4      24      -1       4
      25      25       3       3      26       1       3
      26      26       2       2      26      -1       2
      27      27       1       1      28       1       1
      28      28       2       2      28      -1       2
      29      29       1       1      30       1       1
 Maximum % of omitted composition is    1.000
 Below  5.0E-03 the eigenvector component is to be neglected for calculating
 Below  1.0E-03 the eigenvector composition is to be neglected for printing
 Wall time:
        0 seconds

 Finish Date and Time:
   Date (Yr/Mon/Day): 2019/10/13
   Time (Hr/Min/Sec): 08/17/58.498
   Zone: +0200

 jj2lsj: Execution complete.
