Note: The following floating-point exceptions are signalling: IEEE_DIVIDE_BY_ZERO

 Name of state

 Mixing coefficients from a CI calc.?
 Default settings?  (y/n) 

  
 jj2lsj: Transformation of ASFs from a jj-coupled CSF basis
         into an LSJ-coupled CSF basis  (Fortran 95 version)
         (C) Copyright by   G. Gaigalas and Ch. F. Fischer,
         (2011).
 Input files: name.c, name.(c)m
 Ouput files: name.lsj.lbl
 Loading Configuration Symmetry List File ...
 There is 1 relativistic subshell;
 There are 1 relativistic CSFs;
  ... load complete;
 jcup:           1           1           1           1    0
    nelec  =            1
    ncftot =            1
    nvectot =            1
    nvecsiz =            1
    nw     =            1
    nblock =            1

   block     ncf     nev    2j+1  parity
       1       1       1       1       2       1       1
 Maximum % of omitted composition is    1.000
 Below  5.0E-03 the eigenvector component is to be neglected for calculating
 Below  1.0E-03 the eigenvector composition is to be neglected for printing
 Wall time:
        0 seconds

 Finish Date and Time:
   Date (Yr/Mon/Day): 2018/12/16
   Time (Hr/Min/Sec): 02/06/26.324
   Zone: -0500

 jj2lsj: Execution complete.
